ERROR:root:CHEM1007 GPA Error
ERROR:root:CSE4040 GPA Error
ERROR:root:EE2032 Prereq Error
ERROR:root:CSE3064 Prereq Error
ERROR:root:CSE3044 Prereq Error
ERROR:root:CSE3063 Prereq Error
ERROR:root:ENG_TE GPA Error
ERROR:root:CSE4057 GPA Error
ERROR:root:CSE4095 GPA Error
ERROR:root:CSE4032 GPA Error
ERROR:root:CSE4074 GPA Error
ERROR:root:TE GPA Error
ERROR:root:CSE4067 Semester Error
ERROR:root:CSE4063 Semester Error
ERROR:root:CSE4117 Prereq Error
ERROR:root:ECON2003 GPA Error
ERROR:root:CSE4053 GPA Error
ERROR:root:NTE GPA Error
ERROR:root:CSE4059 GPA Error
ERROR:root:IE3035 Prereq Error
ERROR:root:CSE3044 Prereq Error
ERROR:root:CSE4065 GPA Error
ERROR:root:CSE4075 Prereq Error
ERROR:root:CSE1100 GPA Error
ERROR:root:CSE4093 GPA Error
ERROR:root:CSE4083 GPA Error
ERROR:root:CSE1100 GPA Error
ERROR:root:TRD121 GPA Error
ERROR:root:MATH2056 GPA Error
ERROR:root:CSE4065 GPA Error
ERROR:root:CSE4198 GPA Error
ERROR:root:CSE3063 Prereq Error
ERROR:root:CSE4070 GPA Error
ERROR:root:MATH1001 GPA Error
ERROR:root:UE GPA Error
ERROR:root:ISG121 GPA Error
ERROR:root:CSE4044 GPA Error
ERROR:root:CSE1142 Prereq Error
ERROR:root:CSE4061 Prereq Error
ERROR:root:CSE2025 Prereq Error
ERROR:root:NTE GPA Error
ERROR:root:CSE2025 Prereq Error
ERROR:root:CSE4198 GPA Error
ERROR:root:CSE4074 GPA Error
ERROR:root:UE Semester Error
ERROR:root:CSE4087 Prereq Error
ERROR:root:EE2032 Prereq Error
ERROR:root:TE Semester Error
ERROR:root:CSE4044 Semester Error
ERROR:root:CSE3048 Prereq Error
ERROR:root:IE3035 Prereq Error
ERROR:root:UE Semester Error
ERROR:root:PHYS1102 AlreadyPassed Error
ERROR:root:CSE4060 Semester Error
ERROR:root:CSE4040 Semester Error
ERROR:root:PHYS1104 AlreadyPassed Error
ERROR:root:CSE4086 Semester Error
ERROR:root:CSE4095 Semester Error
ERROR:root:CSE3048 Prereq Error
ERROR:root:CSE4044 Semester Error
ERROR:root:CSE4054 Prereq Error
ERROR:root:CSE3038 Prereq Error
ERROR:root:CSE4096 Semester Error
ERROR:root:CSE4062 Semester Error
ERROR:root:CSE4070 Semester Error
ERROR:root:CSE4056 Semester Error
ERROR:root:CSE2046 Prereq Error
ERROR:root:CSE4040 Semester Error
ERROR:root:PHYS1104 AlreadyPassed Error
ERROR:root:CSE4070 Semester Error
ERROR:root:CSE4095 Semester Error
ERROR:root:CSE4087 Prereq Error
ERROR:root:TE Semester Error
ERROR:root:CSE4062 Semester Error
ERROR:root:CSE3038 Prereq Error
ERROR:root:CSE4094 Semester Error
ERROR:root:CSE4040 Semester Error
ERROR:root:CSE3064 Prereq Error
ERROR:root:CSE3048 Prereq Error
ERROR:root:CSE4082 GPA Error
ERROR:root:CSE4057 GPA Error
ERROR:root:EE2032 Prereq Error
ERROR:root:CSE4083 GPA Error
ERROR:root:CSE4044 GPA Error
ERROR:root:CSE4065 GPA Error
ERROR:root:CSE1142 Prereq Error
ERROR:root:CSE4070 GPA Error
ERROR:root:CSE4040 GPA Error
ERROR:root:CSE4059 GPA Error
ERROR:root:CSE4087 Prereq Error
ERROR:root:CSE2046 Prereq Error
ERROR:root:MATH2056 AlreadyPassed Error
ERROR:root:CSE4065 Semester Error
ERROR:root:CSE4032 Semester Error
ERROR:root:CSE4026 Semester Error
ERROR:root:CSE4058 Semester Error
ERROR:root:IE3035 Prereq Error
ERROR:root:CSE4066 Semester Error
ERROR:root:CSE4084 Semester Error
ERROR:root:CSE4062 Semester Error
ERROR:root:CSE2138 AlreadyPassed Error
ERROR:root:CSE4075 Prereq Error
ERROR:root:PHYS1102 AlreadyPassed Error
ERROR:root:MATH2059 Prereq Error
ERROR:root:CSE4032 AlreadyPassed Error
ERROR:root:CSE4198 AlreadyPassed Error
ERROR:root:TRD122 AlreadyPassed Error
ERROR:root:CSE4198 AlreadyPassed Error
ERROR:root:CSE4060 AlreadyPassed Error
ERROR:root:TE AlreadyPassed Error
ERROR:root:STAT2053 AlreadyPassed Error
ERROR:root:CSE4038 AlreadyPassed Error
ERROR:root:CSE4063 AlreadyPassed Error
ERROR:root:CSE4086 AlreadyPassed Error
ERROR:root:CSE3038 Prereq Error
ERROR:root:CSE4093 AlreadyPassed Error
ERROR:root:150223462 s schedule is Not Approved
ERROR:root:ECON2004 GPA Error
ERROR:root:CSE4060 GPA Error
ERROR:root:150224171 s schedule is Not Approved
ERROR:root:CSE4066 GPA Error
ERROR:root:CSE3048 Prereq Error
ERROR:root:ECON2004 GPA Error
ERROR:root:CSE4085 GPA Error
ERROR:root:UE GPA Error
ERROR:root:CSE3048 Prereq Error
ERROR:root:IE3035 Prereq Error
ERROR:root:STAT2053 GPA Error
ERROR:root:CSE4060 GPA Error
ERROR:root:CSE4059 GPA Error
ERROR:root:CSE4088 GPA Error
ERROR:root:CSE4088 GPA Error
ERROR:root:CSE2138 GPA Error
ERROR:root:UE GPA Error
ERROR:root:PHYS1104 GPA Error
ERROR:root:MATH1002 GPA Error
ERROR:root:ECON2004 GPA Error
ERROR:root:MATH1002 GPA Error
ERROR:root:PHYS1102 GPA Error
ERROR:root:MATH2059 Prereq Error
ERROR:root:CSE4053 GPA Error
ERROR:root:TRD122 GPA Error
ERROR:root:CSE4034 Prereq Error
ERROR:root:CSE4032 GPA Error
ERROR:root:CSE4088 GPA Error
ERROR:root:CSE4065 GPA Error
ERROR:root:CSE2046 Prereq Error
ERROR:root:CSE4062 GPA Error
ERROR:root:150256978 s schedule is Not Approved
ERROR:root:CSE4096 GPA Error
ERROR:root:CSE4062 GPA Error
ERROR:root:CSE3038 Prereq Error
ERROR:root:CSE4085 GPA Error
ERROR:root:MATH2059 Prereq Error
ERROR:root:TRD122 GPA Error
ERROR:root:CSE4094 GPA Error
ERROR:root:UE GPA Error
ERROR:root:CSE4061 Prereq Error
ERROR:root:CSE4056 GPA Error
ERROR:root:CSE4095 GPA Error
ERROR:root:CSE4063 GPA Error
ERROR:root:CSE4057 GPA Error
ERROR:root:TRD122 GPA Error
ERROR:root:CSE4062 GPA Error
ERROR:root:IE3035 Prereq Error
ERROR:root:IE3035 Prereq Error
ERROR:root:CSE4083 GPA Error
ERROR:root:CSE4038 GPA Error
ERROR:root:CSE4094 GPA Error
ERROR:root:CSE4044 GPA Error
ERROR:root:CSE4095 GPA Error
ERROR:root:CSE4054 Prereq Error
ERROR:root:CSE4056 GPA Error
ERROR:root:CSE4094 GPA Error
ERROR:root:CSE4082 GPA Error
ERROR:root:TE GPA Error
ERROR:root:CSE4084 GPA Error
ERROR:root:NTE GPA Error
ERROR:root:CSE4095 GPA Error
ERROR:root:CSE4085 GPA Error
ERROR:root:CSE4084 GPA Error
ERROR:root:CSE3048 Prereq Error
ERROR:root:CSE4056 Semester Error
ERROR:root:CSE3038 Prereq Error
ERROR:root:CSE3038 Prereq Error
ERROR:root:MATH2056 AlreadyPassed Error
ERROR:root:CSE4198 Semester Error
ERROR:root:CSE4067 Semester Error
ERROR:root:CSE3038 Prereq Error
ERROR:root:CSE4034 Prereq Error
ERROR:root:TE Semester Error
ERROR:root:UE Semester Error
ERROR:root:CSE2046 Prereq Error
ERROR:root:CSE4056 Semester Error
ERROR:root:CSE4096 Semester Error
ERROR:root:CSE4082 Semester Error
ERROR:root:CSE4034 Prereq Error
ERROR:root:TE Semester Error
ERROR:root:IE3035 Semester Error
ERROR:root:ENG_TE Semester Error
ERROR:root:CSE4083 Semester Error
ERROR:root:UE Semester Error
ERROR:root:IE3035 Semester Error
ERROR:root:CSE3048 Prereq Error
ERROR:root:CSE4062 Semester Error
ERROR:root:ISG122 Semester Error
ERROR:root:CSE4066 Semester Error
ERROR:root:CSE3038 Prereq Error
ERROR:root:CSE4026 Semester Error
ERROR:root:CSE4075 Prereq Error
ERROR:root:MATH1002 AlreadyPassed Error
ERROR:root:IE3035 Prereq Error
ERROR:root:CSE2138 AlreadyPassed Error
ERROR:root:CSE4026 AlreadyPassed Error
ERROR:root:CSE4034 Prereq Error
ERROR:root:CSE4034 Prereq Error
ERROR:root:CSE4057 AlreadyPassed Error
ERROR:root:TE AlreadyPassed Error
ERROR:root:IE3035 Prereq Error
ERROR:root:CSE4066 AlreadyPassed Error
ERROR:root:UE AlreadyPassed Error
ERROR:root:CSE4032 AlreadyPassed Error
ERROR:root:CSE4086 AlreadyPassed Error
ERROR:root:CSE4083 AlreadyPassed Error
ERROR:root:PHYS1104 AlreadyPassed Error
ERROR:root:UE AlreadyPassed Error
ERROR:root:EE2032 Prereq Error
ERROR:root:CSE4063 AlreadyPassed Error
ERROR:root:MATH2059 Prereq Error
ERROR:root:MATH2059 Prereq Error
ERROR:root:CSE4075 Prereq Error
ERROR:root:CSE3048 Prereq Error
ERROR:root:CSE4067 AlreadyPassed Error
ERROR:root:CSE4087 Semester Error
ERROR:root:CSE4082 Semester Error
ERROR:root:CSE3044 Prereq Error
ERROR:root:CSE4087 Semester Error
ERROR:root:CSE4082 Semester Error
ERROR:root:CSE4084 Semester Error
ERROR:root:CSE3064 Prereq Error
ERROR:root:CSE4063 Semester Error
ERROR:root:CSE4026 Semester Error
ERROR:root:CSE4083 Semester Error
ERROR:root:PHYS1102 AlreadyPassed Error
ERROR:root:CSE4093 Semester Error
ERROR:root:CSE2046 Prereq Error
ERROR:root:ISG122 Semester Error
ERROR:root:CSE4053 Semester Error
ERROR:root:TE Semester Error
ERROR:root:CSE4061 Prereq Error
ERROR:root:CSE4067 Semester Error
ERROR:root:CSE4056 Semester Error
ERROR:root:CSE4040 Semester Error
ERROR:root:CSE4038 Semester Error
ERROR:root:150427629 s schedule is Not Approved
ERROR:root:CSE4087 Prereq Error
ERROR:root:TE Semester Error
ERROR:root:CSE3064 Prereq Error
ERROR:root:CSE4070 Semester Error
ERROR:root:CSE4086 Semester Error
ERROR:root:CSE4040 Semester Error
ERROR:root:CSE4085 Semester Error
ERROR:root:CSE4083 Semester Error
ERROR:root:CSE4088 Semester Error
ERROR:root:PHYS1104 AlreadyPassed Error
ERROR:root:CSE4095 Semester Error
ERROR:root:TRD122 AlreadyPassed Error
ERROR:root:CSE4085 Semester Error
ERROR:root:ISG122 Semester Error
ERROR:root:CSE4086 Semester Error
ERROR:root:CSE4044 Semester Error
ERROR:root:CSE4032 Semester Error
ERROR:root:CSE4088 Semester Error
ERROR:root:CSE4032 Semester Error
ERROR:root:CSE4061 Prereq Error
ERROR:root:MATH2059 Prereq Error
ERROR:root:CSE4082 Semester Error
ERROR:root:MATH2059 Prereq Error
ERROR:root:CSE4065 Semester Error
ERROR:root:NTE AlreadyPassed Error
ERROR:root:CSE4044 Semester Error
ERROR:root:CSE4040 Semester Error
ERROR:root:CSE4086 Semester Error
ERROR:root:CSE4061 Prereq Error
ERROR:root:CSE4067 Semester Error
ERROR:root:CSE4032 Semester Error
ERROR:root:CSE4084 Semester Error
ERROR:root:CSE4063 Semester Error
ERROR:root:CSE3048 Prereq Error
ERROR:root:EE2032 Prereq Error
ERROR:root:TRD122 AlreadyPassed Error
ERROR:root:MATH1002 AlreadyPassed Error
ERROR:root:CSE4085 Semester Error
ERROR:root:CSE4057 Semester Error
ERROR:root:CSE4062 Semester Error
ERROR:root:CSE4066 Semester Error
ERROR:root:CSE4084 Semester Error
ERROR:root:PHYS1104 AlreadyPassed Error
ERROR:root:CSE4061 Prereq Error
ERROR:root:CSE4044 Semester Error
ERROR:root:CSE4053 GPA Error
ERROR:root:CSE4034 Prereq Error
ERROR:root:CSE4096 GPA Error
ERROR:root:PHYS1102 GPA Error
ERROR:root:CSE4026 GPA Error
ERROR:root:CSE4038 GPA Error
ERROR:root:UE GPA Error
ERROR:root:CSE3048 Prereq Error
ERROR:root:CSE4075 Prereq Error
ERROR:root:ENG_TE GPA Error
ERROR:root:CSE3038 Prereq Error
ERROR:root:CSE4070 GPA Error
ERROR:root:CSE4063 GPA Error
ERROR:root:CSE4034 Prereq Error
ERROR:root:CSE4040 GPA Error
ERROR:root:MATH2056 GPA Error
ERROR:root:CSE4067 GPA Error
ERROR:root:PHYS1104 GPA Error
ERROR:root:MATH2059 Prereq Error
ERROR:root:ENG_TE GPA Error
ERROR:root:CSE4082 GPA Error
ERROR:root:CSE4075 Prereq Error
ERROR:root:CSE4086 GPA Error
ERROR:root:CSE4026 GPA Error
ERROR:root:ISG122 GPA Error
ERROR:root:CSE1142 Prereq Error
ERROR:root:CSE4067 GPA Error
ERROR:root:CSE4058 GPA Error
ERROR:root:CSE3048 Prereq Error
ERROR:root:MATH2056 GPA Error
ERROR:root:CSE4059 GPA Error
ERROR:root:PHYS1102 GPA Error
ERROR:root:CSE3044 Prereq Error
ERROR:root:150513167 s schedule is Not Approved
ERROR:root:CSE1142 Prereq Error
ERROR:root:CSE4088 Semester Error
ERROR:root:ENG_TE Semester Error
ERROR:root:CSE4026 Semester Error
ERROR:root:CSE4083 Semester Error
ERROR:root:CSE3038 Prereq Error
ERROR:root:UE Semester Error
ERROR:root:CSE4034 Prereq Error
ERROR:root:150521811 s schedule is Not Approved
ERROR:root:CSE2046 Prereq Error
ERROR:root:CSE4032 Semester Error
ERROR:root:CSE4094 Semester Error
ERROR:root:CSE3064 Prereq Error
ERROR:root:CSE4038 Semester Error
ERROR:root:CSE4060 Semester Error
ERROR:root:CSE4054 Prereq Error
ERROR:root:CSE4044 Semester Error
ERROR:root:CSE4034 Prereq Error
ERROR:root:MATH2059 Semester Error
ERROR:root:MATH2059 Semester Error
ERROR:root:CSE4058 Semester Error
ERROR:root:CSE4062 Semester Error
ERROR:root:CSE3048 Prereq Error
ERROR:root:CSE4087 Prereq Error
ERROR:root:CSE4054 Prereq Error
ERROR:root:CSE4058 Semester Error
ERROR:root:CSE4063 Semester Error
ERROR:root:150534799 s schedule is Not Approved
ERROR:root:CSE4044 GPA Error
ERROR:root:CSE4044 GPA Error
ERROR:root:CSE4056 GPA Error
ERROR:root:CSE3048 Prereq Error
ERROR:root:MATH2056 GPA Error
ERROR:root:PHYS1104 GPA Error
ERROR:root:CSE4075 Prereq Error
ERROR:root:MATH1002 AlreadyPassed Error
ERROR:root:CSE4060 Semester Error
ERROR:root:IE3035 Prereq Error
ERROR:root:CSE4056 GPA Error
ERROR:root:ISG122 GPA Error
ERROR:root:CSE3038 Prereq Error
ERROR:root:CSE4075 Prereq Error
ERROR:root:ECON2004 GPA Error
ERROR:root:MATH1002 GPA Error
ERROR:root:MATH2056 GPA Error
ERROR:root:STAT2053 GPA Error
ERROR:root:CSE4058 GPA Error
ERROR:root:NTE GPA Error
ERROR:root:CSE4086 GPA Error
ERROR:root:CSE4086 GPA Error
ERROR:root:ENG_TE GPA Error
ERROR:root:CSE4096 GPA Error
ERROR:root:CSE4040 GPA Error
ERROR:root:CSE4060 GPA Error
ERROR:root:CSE4065 GPA Error
ERROR:root:150613615 s schedule is Not Approved
ERROR:root:CSE4094 Semester Error
ERROR:root:CSE4082 Semester Error
ERROR:root:PHYS1104 AlreadyPassed Error
ERROR:root:CSE4075 Prereq Error
ERROR:root:PHYS1104 AlreadyPassed Error
ERROR:root:TRD122 AlreadyPassed Error
ERROR:root:CSE4096 Semester Error
ERROR:root:CSE4096 Semester Error
ERROR:root:CSE4095 Semester Error
ERROR:root:CSE4054 Prereq Error
ERROR:root:CSE4054 Prereq Error
ERROR:root:CSE4065 Semester Error
ERROR:root:CSE4093 Semester Error
ERROR:root:CSE1142 Prereq Error
ERROR:root:TE Semester Error
ERROR:root:CSE4044 Semester Error
ERROR:root:CSE4086 Semester Error
ERROR:root:STAT2053 Semester Error
ERROR:root:CSE4062 Semester Error
ERROR:root:CSE4065 Semester Error
ERROR:root:CSE4053 Semester Error
ERROR:root:MATH2059 Prereq Error
ERROR:root:CSE4040 Semester Error
ERROR:root:CSE4094 Semester Error
ERROR:root:CSE4053 Semester Error
ERROR:root:CSE3038 Prereq Error
ERROR:root:MATH2059 Prereq Error
ERROR:root:150711362 s schedule is Not Approved
ERROR:root:CSE4083 GPA Error
ERROR:root:CSE3044 Prereq Error
ERROR:root:CSE2046 Prereq Error
ERROR:root:MATH2056 GPA Error
ERROR:root:CSE4088 GPA Error
ERROR:root:MATH1002 GPA Error
ERROR:root:CSE4040 GPA Error
ERROR:root:CSE4066 GPA Error
ERROR:root:CSE2046 Prereq Error
ERROR:root:UE GPA Error
ERROR:root:CSE4062 GPA Error
ERROR:root:CSE3044 Prereq Error
ERROR:root:CSE4065 GPA Error
ERROR:root:CSE4086 GPA Error
ERROR:root:CSE4063 GPA Error
ERROR:root:CSE4038 GPA Error
ERROR:root:NTE GPA Error
ERROR:root:MATH2059 Prereq Error
ERROR:root:CSE3038 Prereq Error
ERROR:root:CSE4026 GPA Error
ERROR:root:PHYS1104 GPA Error
ERROR:root:CSE4067 GPA Error
ERROR:root:MATH2056 GPA Error
ERROR:root:CSE4034 Prereq Error
ERROR:root:CSE4063 GPA Error
ERROR:root:CSE4032 AlreadyPassed Error
ERROR:root:PHYS1102 AlreadyPassed Error
ERROR:root:PHYS1102 AlreadyPassed Error
ERROR:root:CSE4067 AlreadyPassed Error
ERROR:root:EE2032 Prereq Error
ERROR:root:CSE3048 Prereq Error
ERROR:root:CSE4053 AlreadyPassed Error
ERROR:root:CSE4094 AlreadyPassed Error
ERROR:root:CSE4034 Prereq Error
ERROR:root:CSE4056 AlreadyPassed Error
ERROR:root:CSE4056 AlreadyPassed Error
ERROR:root:CSE4054 Prereq Error
ERROR:root:CSE4095 AlreadyPassed Error
ERROR:root:CSE4057 AlreadyPassed Error
ERROR:root:CSE4088 AlreadyPassed Error
ERROR:root:NTE AlreadyPassed Error
ERROR:root:CSE4066 AlreadyPassed Error
ERROR:root:CSE2138 AlreadyPassed Error
ERROR:root:CSE4094 AlreadyPassed Error
ERROR:root:PHYS1104 AlreadyPassed Error
ERROR:root:CSE4057 AlreadyPassed Error
ERROR:root:ECON2004 AlreadyPassed Error
ERROR:root:CSE4063 AlreadyPassed Error
ERROR:root:PHYS1102 AlreadyPassed Error
ERROR:root:CSE4095 AlreadyPassed Error
ERROR:root:CSE4061 Prereq Error
ERROR:root:ECON2004 AlreadyPassed Error
ERROR:root:CSE4065 AlreadyPassed Error
ERROR:root:CSE4066 AlreadyPassed Error
ERROR:root:CSE4095 AlreadyPassed Error
ERROR:root:CSE4075 Prereq Error
ERROR:root:150738319 s schedule is Not Approved
ERROR:root:CSE4088 GPA Error
ERROR:root:CSE2138 AlreadyPassed Error
ERROR:root:CSE4083 Semester Error
ERROR:root:CSE4038 Semester Error
ERROR:root:CSE4058 Semester Error
ERROR:root:CSE4083 Semester Error
ERROR:root:CSE4057 Semester Error
ERROR:root:STAT2053 AlreadyPassed Error
ERROR:root:ISG122 Semester Error
ERROR:root:CSE4094 Semester Error
ERROR:root:CSE4038 GPA Error
ERROR:root:ECON2004 GPA Error
ERROR:root:PHYS1102 GPA Error
ERROR:root:CSE4085 GPA Error
ERROR:root:CSE4198 GPA Error
ERROR:root:CSE4096 GPA Error
ERROR:root:EE2032 Prereq Error
ERROR:root:CSE4054 Prereq Error
ERROR:root:ENG_TE GPA Error
ERROR:root:CSE1142 Prereq Error
ERROR:root:NTE GPA Error
ERROR:root:CSE4058 GPA Error
ERROR:root:CSE4060 GPA Error
ERROR:root:CSE4067 GPA Error
ERROR:root:PHYS1102 GPA Error
ERROR:root:CSE4095 GPA Error
ERROR:root:MATH1002 GPA Error
ERROR:root:CSE4093 GPA Error
ERROR:root:150758997 s schedule is Not Approved
ERROR:root:CSE4032 Semester Error
ERROR:root:PHYS1102 Semester Error
ERROR:root:CSE4085 Semester Error
ERROR:root:CSE4066 Semester Error
ERROR:root:CSE2046 Prereq Error
ERROR:root:CSE4070 Semester Error
ERROR:root:CSE4054 Prereq Error
ERROR:root:CSE2046 Prereq Error
ERROR:root:CSE4095 Semester Error
ERROR:root:CSE4062 GPA Error
ERROR:root:EE2032 Prereq Error
ERROR:root:CSE4040 GPA Error
ERROR:root:CSE4032 GPA Error
ERROR:root:CSE4061 Prereq Error
ERROR:root:CSE4086 GPA Error
ERROR:root:CSE4058 GPA Error
ERROR:root:CSE4044 GPA Error
ERROR:root:UE GPA Error
ERROR:root:CSE4026 GPA Error
ERROR:root:CSE4065 GPA Error
ERROR:root:CSE3044 Prereq Error
ERROR:root:NTE GPA Error
ERROR:root:UE GPA Error
ERROR:root:CSE2046 Prereq Error
ERROR:root:CSE4057 GPA Error
ERROR:root:CSE4057 GPA Error
ERROR:root:CSE4034 Prereq Error
ERROR:root:CSE4062 GPA Error
ERROR:root:MATH2056 GPA Error
ERROR:root:CSE3048 Prereq Error
ERROR:root:CSE3048 Prereq Error
ERROR:root:CSE4095 GPA Error
ERROR:root:CSE4084 GPA Error
ERROR:root:CSE4093 Semester Error
ERROR:root:CSE1142 Prereq Error
ERROR:root:CSE4062 Semester Error
ERROR:root:NTE AlreadyPassed Error
ERROR:root:CSE4060 Semester Error
ERROR:root:CSE4062 Semester Error
ERROR:root:CSE3048 Prereq Error
ERROR:root:CSE4088 Semester Error
ERROR:root:CSE3038 Prereq Error
ERROR:root:CSE4087 Prereq Error
ERROR:root:CSE4056 GPA Error
ERROR:root:CSE4198 GPA Error
ERROR:root:CSE4056 GPA Error
ERROR:root:ECON2004 GPA Error
ERROR:root:CSE4056 AlreadyPassed Error
ERROR:root:CSE2046 Prereq Error
ERROR:root:CSE3064 Prereq Error
ERROR:root:STAT2053 AlreadyPassed Error
ERROR:root:CSE4087 Prereq Error
ERROR:root:CSE4034 Prereq Error
ERROR:root:CSE4058 AlreadyPassed Error
ERROR:root:IE3035 Prereq Error
ERROR:root:CSE4057 AlreadyPassed Error
ERROR:root:CSE4044 AlreadyPassed Error
ERROR:root:CSE4075 Prereq Error
ERROR:root:CSE4059 AlreadyPassed Error
ERROR:root:PHYS1104 AlreadyPassed Error
ERROR:root:NTE AlreadyPassed Error
ERROR:root:CSE4070 AlreadyPassed Error
ERROR:root:CSE4096 AlreadyPassed Error
ERROR:root:CSE4070 GPA Error
ERROR:root:CSE4053 GPA Error
ERROR:root:PHYS1102 GPA Error
ERROR:root:CSE4059 GPA Error
ERROR:root:MATH1002 GPA Error
ERROR:root:CSE3048 Prereq Error
ERROR:root:150866337 s schedule is Not Approved
ERROR:root:CSE3038 Prereq Error
ERROR:root:CSE4093 GPA Error
ERROR:root:CSE4198 GPA Error
ERROR:root:CSE2138 GPA Error
ERROR:root:STAT2053 GPA Error
ERROR:root:CSE4054 Prereq Error
ERROR:root:UE GPA Error
ERROR:root:MATH2059 Prereq Error
ERROR:root:TRD122 GPA Error
ERROR:root:ISG122 GPA Error
ERROR:root:CSE4058 GPA Error
ERROR:root:CSE4083 GPA Error
ERROR:root:CSE4088 GPA Error
ERROR:root:CSE4198 GPA Error
ERROR:root:CSE4075 Prereq Error
ERROR:root:CSE4198 GPA Error
ERROR:root:ENG_TE GPA Error
ERROR:root:CSE4095 GPA Error
ERROR:root:CSE4096 GPA Error
ERROR:root:CSE3044 Prereq Error
ERROR:root:150878812 s schedule is Not Approved
ERROR:root:CSE4063 GPA Error
ERROR:root:CSE4094 GPA Error
ERROR:root:CSE2138 GPA Error
ERROR:root:CSE1142 Prereq Error
ERROR:root:PHYS1104 GPA Error
ERROR:root:CSE4082 GPA Error
ERROR:root:CSE4060 GPA Error
ERROR:root:CSE4096 GPA Error
ERROR:root:MATH2056 GPA Error
ERROR:root:MATH1002 GPA Error
ERROR:root:ENG_TE GPA Error
ERROR:root:150937782 s schedule is Not Approved
ERROR:root:CSE4085 GPA Error
ERROR:root:CSE1142 Prereq Error
ERROR:root:CSE4086 GPA Error
ERROR:root:CSE4095 GPA Error
ERROR:root:CSE4096 GPA Error
ERROR:root:CSE4066 GPA Error
ERROR:root:EE2032 Prereq Error
ERROR:root:CSE4084 GPA Error
ERROR:root:ISG122 GPA Error
ERROR:root:CSE4056 GPA Error
ERROR:root:CSE4094 GPA Error
ERROR:root:CSE4084 GPA Error
ERROR:root:STAT2053 GPA Error
ERROR:root:CSE4060 GPA Error
ERROR:root:CSE4034 Prereq Error
ERROR:root:IE3035 Prereq Error
ERROR:root:MATH1002 GPA Error
ERROR:root:150966476 s schedule is Not Approved
ERROR:root:CSE4083 Semester Error
ERROR:root:CSE4095 Semester Error
ERROR:root:CSE3044 Prereq Error
ERROR:root:CSE1142 Prereq Error
ERROR:root:UE Semester Error
ERROR:root:MATH1002 AlreadyPassed Error
ERROR:root:CSE4061 Prereq Error
ERROR:root:CSE4094 Semester Error
ERROR:root:CSE4198 Semester Error
ERROR:root:ISG122 Semester Error
ERROR:root:CSE4060 Semester Error
ERROR:root:EE2032 Prereq Error
ERROR:root:CSE4070 Semester Error
ERROR:root:CSE3044 Prereq Error
ERROR:root:MATH2059 Prereq Error
ERROR:root:CSE4034 Prereq Error
ERROR:root:CSE4044 GPA Error
ERROR:root:PHYS1104 GPA Error
ERROR:root:CSE2046 Prereq Error
